{"/Users/sergioromano/projects/personal/json-placeholder-sdk/src/get-posts.ts": {"path":"/Users/sergioromano/projects/personal/json-placeholder-sdk/src/get-posts.ts","statementMap":{"0":{"start":{"line":1,"column":24},"end":{"line":3,"column":1}},"1":{"start":{"line":2,"column":2},"end":{"line":2,"column":12}}},"fnMap":{"0":{"name":"(anonymous_0)","decl":{"start":{"line":1,"column":24},"end":{"line":1,"column":25}},"loc":{"start":{"line":1,"column":36},"end":{"line":3,"column":1}},"line":1}},"branchMap":{},"s":{"0":1,"1":1},"f":{"0":1},"b":{},"_coverageSchema":"1a1c01bbd47fc00a2c39e90264f33305004495a9","hash":"14bcaeec98a7c256278f5f9a39822b7be88645f8"}
,"/Users/sergioromano/projects/personal/json-placeholder-sdk/src/index.ts": {"path":"/Users/sergioromano/projects/personal/json-placeholder-sdk/src/index.ts","statementMap":{},"fnMap":{},"branchMap":{},"s":{},"f":{},"b":{},"_coverageSchema":"1a1c01bbd47fc00a2c39e90264f33305004495a9","hash":"6aebb56925d7fcd6b32f5cc24fff851fa2a02bcb"}
}
